OPENING [https://geenapptrack.com/cb14c583897602c29913ec5809d3cd2de370de09/2K6/aD/?v=1&gee_postback=TESTLINK]
	url changed to https://geenapptrack.com/cb14c583897602c29913ec5809d3cd2de370de09/2K6/aD/?v=1&gee_postback=TESTLINK
	url changed to https://track.rulead.com/?aff_id=118927&offer_id=1831502&aff_sub=956954151&aff_sub2=342&android_id=&idfa=
=>https://track.rulead.com/?aff_id=118927&offer_id=1831502&aff_sub=956954151&aff_sub2=342&android_id=&idfa=
Status: success
	url changed to about:blank
=>about:blank
OPENING [https://geenapptrack.com/91e8752d8c8a5ba0d47dd2cfe34622977b4552ed/2K6/ad/?v=1&gee_postback=TESTLINK]
	url changed to https://geenapptrack.com/91e8752d8c8a5ba0d47dd2cfe34622977b4552ed/2K6/ad/?v=1&gee_postback=TESTLINK
	url changed to http://www.applicates.com/?i=-102
=>http://www.applicates.com/?i=-102
Status: success
	url changed to about:blank
=>about:blank
OPENING [https://geenapptrack.com/c266dcb6482d6d4314e3dca4f1a2903ae279f329/2K6/8w/?v=1&gee_postback=TESTLINK]
	url changed to https://geenapptrack.com/c266dcb6482d6d4314e3dca4f1a2903ae279f329/2K6/8w/?v=1&gee_postback=TESTLINK
	url changed to https://track.rulead.com/?aff_id=118927&offer_id=1881619&aff_sub=956954246&aff_sub2=342&android_id=&idfa=
=>https://track.rulead.com/?aff_id=118927&offer_id=1881619&aff_sub=956954246&aff_sub2=342&android_id=&idfa=
Status: success
	url changed to about:blank
=>about:blank
OPENING [https://geenapptrack.com/d98f33b05bede9f2335b57240d01294db6a51ae1/2K6/5s/?v=1&gee_postback=TESTLINK]
	url changed to https://geenapptrack.com/d98f33b05bede9f2335b57240d01294db6a51ae1/2K6/5s/?v=1&gee_postback=TESTLINK
	url changed to https://track.rulead.com/?aff_id=118927&offer_id=1881619&aff_sub=956954278&aff_sub2=342&android_id=&idfa=
=>https://track.rulead.com/?aff_id=118927&offer_id=1881619&aff_sub=956954278&aff_sub2=342&android_id=&idfa=
Status: success
	url changed to about:blank
=>about:blank
OPENING [https://geenapptrack.com/228d301765de1a6795dfc93069bef3824b8e1ee2/2K6/3e/?v=1&gee_postback=TESTLINK]
	url changed to https://geenapptrack.com/228d301765de1a6795dfc93069bef3824b8e1ee2/2K6/3e/?v=1&gee_postback=TESTLINK
	url changed to https://track.rulead.com/?aff_id=118927&offer_id=1831502&aff_sub=956954309&aff_sub2=10546&android_id=&idfa=
=>https://track.rulead.com/?aff_id=118927&offer_id=1831502&aff_sub=956954309&aff_sub2=10546&android_id=&idfa=
Status: success
	url changed to about:blank
=>about:blank
OPENING [https://geenapptrack.com/785f5cf1ca3a64e56c8167e894e1e416a9cd715d/2K6/1L/?v=1&gee_postback=TESTLINK]
	url changed to https://geenapptrack.com/785f5cf1ca3a64e56c8167e894e1e416a9cd715d/2K6/1L/?v=1&gee_postback=TESTLINK
	url changed to https://track.rulead.com/?aff_id=118927&offer_id=1872310&aff_sub=956954350&aff_sub2=10546&android_id=&idfa=
=>https://track.rulead.com/?aff_id=118927&offer_id=1872310&aff_sub=956954350&aff_sub2=10546&android_id=&idfa=
Status: success
	url changed to about:blank
=>about:blank
OPENING [https://geenapptrack.com/11901dc931333a8c477f01137d3f2c79791f57e6/2K6/1x/?v=1&gee_postback=TESTLINK]
	url changed to https://geenapptrack.com/11901dc931333a8c477f01137d3f2c79791f57e6/2K6/1x/?v=1&gee_postback=TESTLINK
	url changed to http://cpactions.com/api/v1.0/clk/track/proxy?ad_id=135735811&site_id=10305&response_id=5a32c9e79f161&subid=956954398&subsite_id=10546&android_aid=&idfa=&mac=
	url changed to http://click.szkuka.com/click.php?app_id=114&offer_id=10993936&clickid=135735811-5a32d151a2651e34831f38b6&gaid=&android=%7Bandroid%7D&idfa=&subid=fJVCP5z6PktHK4o
	url changed to http://tracking.shootmedia-hk.com/track?id=28170685&aff=15&ost=20171214193317&click_id=4003ad9809e4a7cde5acad30bcd15b59_1_1513279826&aff_sub=114_fJVCP5z6PktHK4o&gaid=&idfa=&android_id=%7Bandroid%7D
=>http://tracking.shootmedia-hk.com/track?id=28170685&aff=15&ost=20171214193317&click_id=4003ad9809e4a7cde5acad30bcd15b59_1_1513279826&aff_sub=114_fJVCP5z6PktHK4o&gaid=&idfa=&android_id=%7Bandroid%7D
Status: success
	url changed to about:blank
=>about:blank
OPENING [https://geenapptrack.com/2d4793916554a8cf73ff4fd199179a767e14cde8/2K6/19/?v=1&gee_postback=TESTLINK]
	url changed to https://geenapptrack.com/2d4793916554a8cf73ff4fd199179a767e14cde8/2K6/19/?v=1&gee_postback=TESTLINK
	url changed to http://cpactions.com/api/v1.0/clk/track/proxy?ad_id=133277656&site_id=10305&response_id=5a32ca8408d0e&subid=956954480&subsite_id=342&android_aid=&idfa=&mac=
	url changed to http://52.77.99.53/acs.php?sid=107365&adid=13564045&pb=133277656-5a32d153f749980da97a5048&subid=fJVCP5z6PE9A&gaid=&idfa=
	url changed to http://cpiclk.mobismarter.com/index.php?m=advert&p=click&app_id=110&offer_id=2643279&aff_sub=6613472300302548985&gaid=&android=%7Bandroid%7D&idfa=&channel=107365
	url changed to http://aws.smarter-wireless.net/index.php?m=network&p=click&app_id=95&offer_id=10301005&gaid=&aff_sub=a6ff1b8bc3e7710fb0516b218d806b8b_0_1513279828&andid=&idfa=&appname=&channel=110
	url changed to http://got.pubnative.net/bulk?aid=1020326&aaid=1010956&pid=1010956&nid=3&puid=1006205&affid=25431&t=Fz0fhAtH8kudfdNENhItbxbIOoaghykLWlQ&cref=d4d46d522538e153747285b8f0f72638&aff_sub=6536d8c35e3c660819e0044b8d244bf0_95-1513279829_network&gid=&pub_sub_id=95
	url changed to http://apps.pubnative.net/aff_c?aff_sub5=cbe11cdf28cb4213b52aaa6ec3abe0ac&aff_sub=6536d8c35e3c660819e0044b8d244bf0_95-1513279829_network&aff_sub2=&aff_sub3=&offer_id=54258&aff_id=25431&aff_sub4=3060978&ios_ifa=&ios_ifa_md5=&ios_ifa_sha1=&android_id=&android_id_md5=&android_id_sha1=&unid=&aff_unique5=cbe11cdf28cb4213b52aaa6ec3abe0ac&aff_click_id=6536d8c35e3c660819e0044b8d244bf0_95-1513279829_network&aff_unique2=&aff_unique3=&aff_unique4=3060978
	url changed to http://apps.pubnative.net/aff_r?offer_id=54258&aff_id=25431&url=https%3A%2F%2Fapi.applike-services.info%2Fcampaign%2Fmcoins%2Ffe7542059aa44429826ec08ab41ac8f1%3FmobileId%3D%26subId%3D25431_%26clickId%3D1022e974fa94d923beb91d4c7e45c1%26campaign%3DApplift_ES_display_CPA&urlauth=854032744951917471603196134064
	url changed to https://api.applike-services.info/campaign/mcoins/fe7542059aa44429826ec08ab41ac8f1?mobileId=&subId=25431_&clickId=1022e974fa94d923beb91d4c7e45c1&campaign=Applift_ES_display_CPA
	url changed to market://details?id=de.mcoins.applike&referrer=eyJtY29pbnNfY2FtcGFpZ24iOnsidHlwZSI6Im1jb2lucyIsImF0dHJpYnV0ZXMiOnsiaGFzaCI6ImZlNzU0MjA1OWFhNDQ0Mjk4MjZlYzA4YWI0MWFjOGYxIiwiY2xpY2tFdmVudElkIjoiNTE4NmVkNmU1MTAzNDQ0YWFhY2ZkYjY3OTQ5ZmI5YTIifX19
Status: fail
	url changed to about:blank
=>about:blank
OPENING [https://geenapptrack.com/f99bb52d94ef43c6eb3a7cfe272faeb95ee3069d/2K6/H/?v=1&gee_postback=TESTLINK]
	url changed to https://geenapptrack.com/f99bb52d94ef43c6eb3a7cfe272faeb95ee3069d/2K6/H/?v=1&gee_postback=TESTLINK
	url changed to https://click.apprevolve.com/static/3e757bbf2dfb4576be738eb524b38370/97617/6029047/0c262e6827a599e1?timestamp=1513279751&bundleId=com.ebay.mobile&strategyId=23&fallbackId=com.ebay.mobile&aff_sub1=342&p1=geenappc&v1=956954659&deviceId=
	url changed to https://play.google.com/store/apps/details?id=com.ebay.mobile&hl=en
=>https://play.google.com/store/apps/details?id=com.ebay.mobile&hl=en
Status: success
	url changed to about:blank
=>about:blank
OPENING [https://geenapptrack.com/74a461985d72290c062801a6e1cdd12e63a62bc5/2K6/1h/?v=1&gee_postback=TESTLINK]
	url changed to https://geenapptrack.com/74a461985d72290c062801a6e1cdd12e63a62bc5/2K6/1h/?v=1&gee_postback=TESTLINK
	url changed to http://www.retail9.com/redirect.php?demand=148&offer=1017047706570334124&no=b7f1020b95bf2e04&m=3&api_type=0&s=CAEY6AciAUIo-KbH0QVAAQ&id=5988115&aff=189&aff_sub=956954707&aff_sub2=342
	url changed to https://t.api.yyapi.net/v1/tracking?ad=1017047706570334124&app_id=b7f1020b95bf2e04&pid=3&user_id=956954707_rtbs1_rtbs2_rtbs3end_rtbaff189_rtboffer5988115_rtbsub342&chn=189_342&advid=&idfa=
	url changed to http://advclick.wecloudbak.com/advclick?advposid=504&mapid=82464674&aid=&adid=&aff_sub=9K4TfWQm0eFG.nmV-IJVFNAgqcp-CfNb0lPZZqOTvjh25mY59WhLfRGGjr.Q0sHC1qvdvcJ84xm5n5SkNQ7lHre3dLXQ7CTmE.MMVlM6UOQrhxm3VAqSXsemq4VmdZvQ__&aff_sub5=961013374257205248_189_342
	url changed to http://global.ymtracking.com/trace?aff_sub=&aff_sub2=v1-1f8-ES-82464674_JB201712150330CA8NJN5J14299BRH0L-&sub_affiliate_id=504&google_adv_id=&offer_id=9361417&app_id=184&type=ff20e8fe0000002e
=>http://global.ymtracking.com/trace?aff_sub=&aff_sub2=v1-1f8-ES-82464674_JB201712150330CA8NJN5J14299BRH0L-&sub_affiliate_id=504&google_adv_id=&offer_id=9361417&app_id=184&type=ff20e8fe0000002e
Status: success
	url changed to about:blank
=>about:blank
OPENING [https://geenapptrack.com/bf9e45a9d5ba7dad8eb249f2f24e62b82da26849/2K6/16/?v=1&gee_postback=TESTLINK]
	url changed to https://geenapptrack.com/bf9e45a9d5ba7dad8eb249f2f24e62b82da26849/2K6/16/?v=1&gee_postback=TESTLINK
	url changed to https://track.rulead.com/?aff_id=118927&offer_id=1892589&aff_sub=956954857&aff_sub2=10546&android_id=&idfa=
=>https://track.rulead.com/?aff_id=118927&offer_id=1892589&aff_sub=956954857&aff_sub2=10546&android_id=&idfa=
Status: success
	url changed to about:blank
=>about:blank
OPENING [https://geenapptrack.com/e040df2e586b3f102436156366ef85739f433036/2K6/10/?v=1&gee_postback=TESTLINK]
	url changed to https://geenapptrack.com/e040df2e586b3f102436156366ef85739f433036/2K6/10/?v=1&gee_postback=TESTLINK
	url changed to http://www.applicates.com/?i=-102
=>http://www.applicates.com/?i=-102
Status: success
	url changed to about:blank
=>about:blank
OPENING [https://geenapptrack.com/5720b96a2464b8f7e8ca72be7cf830e69cb09348/2K6/H/?v=1&gee_postback=TESTLINK]
	url changed to https://geenapptrack.com/5720b96a2464b8f7e8ca72be7cf830e69cb09348/2K6/H/?v=1&gee_postback=TESTLINK
	url changed to http://retail9.com/redirect.php?demand=82&idextra=%2Fc%2F167657%2F1no47pr7-6p11-66r1-489n-5pp92n99qonn%2Fpn70q0rn-48ss-9p56-n827-544o088r61ps%2F684oor5q&id=5446551&aff=189&aff_sub=956954965&aff_sub2=10546
	url changed to http://imbof.com/c/167657/1no47pr7-6p11-66r1-489n-5pp92n99qonn/pn70q0rn-48ss-9p56-n827-544o088r61ps/684oor5q.html?clickid=956954965_rtbs1_rtbs2_rtbs3end_rtbaff189_rtboffer5446551_rtbsub10546&gaid=&idfa=&source2=189_10546&source3=189&source4=10546&source=189_10546
	url changed to http://imnotbof.com/m/?q=LGbkZQc2pmb8BvWupUOsqKWfVwgmBwRmAGbvnUE5pQbiYmHjoJShM73hM73lLJMznKAyYzAioF4woTywnm4jnJD4AGLzo7MzMKWsnJD4ZGZkZGD7AFMmqJVkCGWzAJSxAmRjYGAxBQRgAQp5Zv59BGAwYGMvAmZjBGH0ZQWzBFMmqJVlCGLgBQN9A7ZznJ4mK7yxMzR4WzShMUWinJEsnJD4VwgmBwR6BvW5pzSwn7yhM64xo76unJ9vB8Z1ZGV1Vzygoz45Lz4zYzAioFV2pmb5BvW6qJyxVwgmBwZ7BvV7LJV0ZzAyZv5kLmL7YGRkMGLgBGZ5LF5jL7Z5A7R5ATEvLJRvB8Z1ZGN1VzAfnJAeK8I6nJDvB8Z1ZmL1VwWzAJSxAmRjYGAxBQRgAQp5Zv59BGAwYGMvAmZjBGH0ZQWzBFV2pmb9BvWiMzMypy4cMPV2pmb7BvV7ZGVkZQVvB8Z1ZGN1Vz0yqUqipzgsnJDvB8Z1AQbvAwN0AFV2pmbkAwbvpzImpT4hp7IsqUyjMI4cMPV2pmblBvVkAlV2pmbkAmbvpUIvoTymnTIlK8E0pTIsnJDvB7x1AwgmBwRlBvWjqJWfnKAbMKWsnJDvB7x1ZwZ6ZmgmBwV1VaEmVwgxBwR6ZGZlAmx9ZmphAQpkZQt6ZGg4
=>http://imnotbof.com/m/?q=LGbkZQc2pmb8BvWupUOsqKWfVwgmBwRmAGbvnUE5pQbiYmHjoJShM73hM73lLJMznKAyYzAioF4woTywnm4jnJD4AGLzo7MzMKWsnJD4ZGZkZGD7AFMmqJVkCGWzAJSxAmRjYGAxBQRgAQp5Zv59BGAwYGMvAmZjBGH0ZQWzBFMmqJVlCGLgBQN9A7ZznJ4mK7yxMzR4WzShMUWinJEsnJD4VwgmBwR6BvW5pzSwn7yhM64xo76unJ9vB8Z1ZGV1Vzygoz45Lz4zYzAioFV2pmb5BvW6qJyxVwgmBwZ7BvV7LJV0ZzAyZv5kLmL7YGRkMGLgBGZ5LF5jL7Z5A7R5ATEvLJRvB8Z1ZGN1VzAfnJAeK8I6nJDvB8Z1ZmL1VwWzAJSxAmRjYGAxBQRgAQp5Zv59BGAwYGMvAmZjBGH0ZQWzBFV2pmb9BvWiMzMypy4cMPV2pmb7BvV7ZGVkZQVvB8Z1ZGN1Vz0yqUqipzgsnJDvB8Z1AQbvAwN0AFV2pmbkAwbvpzImpT4hp7IsqUyjMI4cMPV2pmblBvVkAlV2pmbkAmbvpUIvoTymnTIlK8E0pTIsnJDvB7x1AwgmBwRlBvWjqJWfnKAbMKWsnJDvB7x1ZwZ6ZmgmBwV1VaEmVwgxBwR6ZGZlAmx9ZmphAQpkZQt6ZGg4
	url changed to http://trk.appthis.io/tc/2f5ad710-3d81-4742-893c-6b73095902f9/612102/
	url changed to http://imnotbof.com/g/?q=LGbkZQc2pmb8BvWupUOsqKWfVwgmBwRmAGbvnUE5pQbiYmHjoJShM73hM73lLJMznKAyYzAioF4woTywnm4jnJD4AGLzo7MzMKWsnJD4ZGZkZGD7AFMmqJVkCGWzAJSxAmRjYGAxBQRgAQp5Zv59BGAwYGMvAmZjBGH0ZQWzBFMmqJVlCGLgBQN9A7ZznJ4mK7yxMzR4WzShMUWinJEsnJD4VwgmBwR6BvW5pzSwn7yhM64xo76unJ9vB8Z1ZGV1Vzygoz45Lz4zYzAioFV2pmb5BvW6qJyxVwgmBwZ7BvV7LJV0ZzAyZv5kLmL7YGRkMGLgBGZ5LF5jL7Z5A7R5ATEvLJRvB8Z1ZGN1VzAfnJAeK8I6nJDvB8Z1ZmL1VwWzAJSxAmRjYGAxBQRgAQp5Zv59BGAwYGMvAmZjBGH0ZQWzBFV2pmb9BvWiMzMypy4cMPV2pmb7BvV7ZGVkZQVvB8Z1ZGN1Vz0yqUqipzgsnJDvB8Z1AQbvAwN0AFV2pmbkAwbvpzImpT4hp7IsqUyjMI4cMPV2pmblBvVkAlV2pmbkAmbvpUIvoTymnTIlK8E0pTIsnJDvB7x1AwgmBwRlBvWjqJWfnKAbMKWsnJDvB7x1ZwZ6ZmgmBwV1VaEmVwgxBwR6ZGZlAmx9ZmphAQpkZQt6ZGg4
Status: success
	url changed to about:blank
=>about:blank
OPENING [https://geenapptrack.com/79fdee0fb5530004ff2b76ee0500b7c17e707080/2K6/E/?v=1&gee_postback=TESTLINK]
	url changed to https://geenapptrack.com/79fdee0fb5530004ff2b76ee0500b7c17e707080/2K6/E/?v=1&gee_postback=TESTLINK
	url changed to http://click.howdoesin.net/aff_track?offer_id=40820287&affiliate_id=168&gaid=%7Bgaid%7D&device_id=%7Bdevice_id%7D&aff_sub2=956955037&aff_sub5=10546
=>http://click.howdoesin.net/aff_track?offer_id=40820287&affiliate_id=168&gaid=%7Bgaid%7D&device_id=%7Bdevice_id%7D&aff_sub2=956955037&aff_sub5=10546
Status: success
	url changed to about:blank
=>about:blank
OPENING [https://geenapptrack.com/a461eda801184667cfcbba90f27d1b68ab6e96a9/2K6/E/?v=1&gee_postback=TESTLINK]
	url changed to https://geenapptrack.com/a461eda801184667cfcbba90f27d1b68ab6e96a9/2K6/E/?v=1&gee_postback=TESTLINK
	url changed to http://www.applicates.com/?i=-102
=>http://www.applicates.com/?i=-102
Status: success
	url changed to about:blank
=>about:blank
OPENING [https://geenapptrack.com/703d42e677be703dc2a50ac6a5707baeb0e897e9/2K6/B/?v=1&gee_postback=TESTLINK]
	url changed to https://geenapptrack.com/703d42e677be703dc2a50ac6a5707baeb0e897e9/2K6/B/?v=1&gee_postback=TESTLINK
	url changed to https://play.leadzuaf.com/?m=0GENJG211010&offer_key=211010&fc=1&a=956955152.166&pubid=342&AFC2=956955152&IDFA=
=>https://play.leadzuaf.com/?m=0GENJG211010&offer_key=211010&fc=1&a=956955152.166&pubid=342&AFC2=956955152&IDFA=
Status: success
	url changed to about:blank
=>about:blank
OPENING [https://geenapptrack.com/62b4ceba69c9cf16978f5d37754002c7326a27e6/2K6/A/?v=1&gee_postback=TESTLINK]
	url changed to https://geenapptrack.com/62b4ceba69c9cf16978f5d37754002c7326a27e6/2K6/A/?v=1&gee_postback=TESTLINK
	url changed to http://click.howdoesin.net/aff_c?offer_id=44564152&affiliate_id=168&gaid=%7Bgaid%7D&device_id=%7Bdevice_id%7D&aff_sub2=956955190&aff_sub5=10546
	url changed to http://t.api.yyapi.net/v1/click/f?ad=1017124348563035981&app_id=2321a2d4b6b1feac&pid=3&api_type=0&s=CAEY6AciAUIou6HL0QVAAQ&user_id=MF_OTAS_44564152_812b73f8-aff7-410f-8073-c1e7df0ce850-1513279841466_168_ms&chn=168_10546
	url changed to https://global.ymtracking.com/trace?offer_id=9298451&app_id=194&type=07f510c800000025&aff_sub6=adxmi_sdk&aff_sub=FzvuAwud5lkSiUeYogWU.6F2hc2YJvvqPtPPRW.-ForBNmnGiIw3bJZPFQJ6yQASOQFsiekKqvLlWGJZXyA0UL1WwxEjni22iJ7vO-kDxAzzT8K.OjGRq2s.nrwdymJfgq0gvWnNpJGdbBiHMmftHTZeiGT8lM5.sCfOySK8-NmCxrYA__&aff_sub8=929089391618428928_168_10546&google_adv_id=
	url changed to http://tracking.sumatoad.com/aff_c?offer_id=279575&aff_id=5323&aff_click_id=fa2f6efd3-bac1-6adb-7486bb96c5c3ee8b70163e31be1f043fc3776f8058d0007&aff_sub2=103860&aff_sub3=929089391618428928_168_10546&google_aid=&aff_sub4=adxmi_sdk
	url changed to http://tracking.sumatoad.com/aff_r?offer_id=279575&aff_id=5323&url=http%3A%2F%2Fclick.gowadogo.com%2Fclick%3Ftransaction_id%3Dwadogo_apus_254120_1021480de11c6bf9fbafd5db0cfd2f%26aff_sub%3D%26aff_sub2%3D103860%26aff_sub3%3D929089391618428928_168_10546%26aff_sub4%3Dadxmi_sdk%26aff_sub5%3D%26affiliate_id%3D5323%26country_code%3DES%26currency%3DUSD%26datetime%3D2017-12-14%2B19%253A30%253A42%26ip%3D83.32.208.138%26mobile_carrier%3D%253F%26offer_id%3D279575%26offer_name%3DGoldeness%2BBrowser%2BGP%2BOffer%2BAndroid%2BFR%2BKR%2BES%2BIT%2BTW%2BW_IMRO49594%252CIMRO49796%252CIMRO51045%26referer%3D%26source%3D%26user_agent%3DMozilla%252F5.0%2B%2528Linux%253B%2BU%253B%2BAndroid%2B4.4.2%253B%2BEn-us%253B%2BSCH-I535%2BBuild%252FKOT49H%2529%2BAppleWebKit%252F534.30%2B%2528KHTML%252C%2BLike%2BGecko%2529%2BVersion%252F4.0%2BMobile%2BSafari%252F534.30%26device_brand%3DSamsung%26device_model%3DSCH-I535%26device_os%3DAndroid%26device_os_version%3D4.4%26google_aid%3D%26google_aid_md5%3D%26google_aid_sha1%3D%26ios_ifa%3D%26ios_ifa_md5%3D%26ios_ifa_sha1%3D%26ios_ifv%3D%26unid%3D&urlauth=496813548200848341860337358097
	url changed to http://click.gowadogo.com/click?transaction_id=wadogo_apus_254120_1021480de11c6bf9fbafd5db0cfd2f&aff_sub=&aff_sub2=103860&aff_sub3=929089391618428928_168_10546&aff_sub4=adxmi_sdk&aff_sub5=&affiliate_id=5323&country_code=ES&currency=USD&datetime=2017-12-14+19%3A30%3A42&ip=83.32.208.138&mobile_carrier=%3F&offer_id=279575&offer_name=Goldeness+Browser+GP+Offer+Android+FR+KR+ES+IT+TW+W_IMRO49594%2CIMRO49796%2CIMRO51045&referer=&source=&user_agent=Mozilla%2F5.0+%28Linux%3B+U%3B+Android+4.4.2%3B+En-us%3B+SCH-I535+Build%2FKOT49H%29+AppleWebKit%2F534.30+%28KHTML%2C+Like+Gecko%29+Version%2F4.0+Mobile+Safari%2F534.30&device_brand=Samsung&device_model=SCH-I535&device_os=Android&device_os_version=4.4&google_aid=&google_aid_md5=&google_aid_sha1=&ios_ifa=&ios_ifa_md5=&ios_ifa_sha1=&ios_ifv=&unid=
	url changed to https://play.google.com/store/apps/details?id=com.goldeness.browser&referrer=utm_source%3DInmobi%26utm_campaign%3Dgroup6%26utm_content%3Dwadogo_apus_254120_1021480de11c6bf9fbafd5db0cfd2f_1513279842726%26af_siteid%3D5323_103860%26google_aid%3D
=>https://play.google.com/store/apps/details?id=com.goldeness.browser&referrer=utm_source%3DInmobi%26utm_campaign%3Dgroup6%26utm_content%3Dwadogo_apus_254120_1021480de11c6bf9fbafd5db0cfd2f_1513279842726%26af_siteid%3D5323_103860%26google_aid%3D
Status: success
	url changed to about:blank
=>about:blank
OPENING [https://geenapptrack.com/591ddc612b64f6f8be0bde8cccdc51efd9070bf1/2K6/z/?v=1&gee_postback=TESTLINK]
	url changed to https://geenapptrack.com/591ddc612b64f6f8be0bde8cccdc51efd9070bf1/2K6/z/?v=1&gee_postback=TESTLINK
	url changed to https://track.rulead.com/?aff_id=118927&offer_id=1891732&aff_sub=956955326&aff_sub2=10546&android_id=&idfa=
=>https://track.rulead.com/?aff_id=118927&offer_id=1891732&aff_sub=956955326&aff_sub2=10546&android_id=&idfa=
Status: success
	url changed to about:blank
=>about:blank
OPENING [https://geenapptrack.com/f7b9a644b85b7a7adc2322e197a3cbe392b95abc/2K6/u/?v=1&gee_postback=TESTLINK]
	url changed to https://geenapptrack.com/f7b9a644b85b7a7adc2322e197a3cbe392b95abc/2K6/u/?v=1&gee_postback=TESTLINK
	url changed to http://click.trackstate.net/aff_track?offer_id=31197342&affiliate_id=168&gaid=%7Bgaid%7D&device_id=%7Bdevice_id%7D&aff_sub2=956955367&aff_sub5=10546
=>http://click.trackstate.net/aff_track?offer_id=31197342&affiliate_id=168&gaid=%7Bgaid%7D&device_id=%7Bdevice_id%7D&aff_sub2=956955367&aff_sub5=10546
Status: success
	url changed to about:blank
=>about:blank
OPENING [https://geenapptrack.com/a458759bf08b42ef6ffebbc0bb34ab2b19026f63/2K6/u/?v=1&gee_postback=TESTLINK]
	url changed to https://geenapptrack.com/a458759bf08b42ef6ffebbc0bb34ab2b19026f63/2K6/u/?v=1&gee_postback=TESTLINK
	url changed to http://www.applicates.com/?i=-102
=>http://www.applicates.com/?i=-102
Status: success
	url changed to about:blank
=>about:blank
