https://geenapptrack.com/cb14c583897602c29913ec5809d3cd2de370de09/2K6/aD/?v=1&gee_postback=TESTLINK
https://geenapptrack.com/91e8752d8c8a5ba0d47dd2cfe34622977b4552ed/2K6/ad/?v=1&gee_postback=TESTLINK
https://geenapptrack.com/c266dcb6482d6d4314e3dca4f1a2903ae279f329/2K6/8w/?v=1&gee_postback=TESTLINK
https://geenapptrack.com/d98f33b05bede9f2335b57240d01294db6a51ae1/2K6/5s/?v=1&gee_postback=TESTLINK
https://geenapptrack.com/228d301765de1a6795dfc93069bef3824b8e1ee2/2K6/3e/?v=1&gee_postback=TESTLINK
https://geenapptrack.com/785f5cf1ca3a64e56c8167e894e1e416a9cd715d/2K6/1L/?v=1&gee_postback=TESTLINK
https://geenapptrack.com/11901dc931333a8c477f01137d3f2c79791f57e6/2K6/1x/?v=1&gee_postback=TESTLINK
https://geenapptrack.com/2d4793916554a8cf73ff4fd199179a767e14cde8/2K6/19/?v=1&gee_postback=TESTLINK
https://geenapptrack.com/f99bb52d94ef43c6eb3a7cfe272faeb95ee3069d/2K6/H/?v=1&gee_postback=TESTLINK
https://geenapptrack.com/74a461985d72290c062801a6e1cdd12e63a62bc5/2K6/1h/?v=1&gee_postback=TESTLINK
https://geenapptrack.com/bf9e45a9d5ba7dad8eb249f2f24e62b82da26849/2K6/16/?v=1&gee_postback=TESTLINK
https://geenapptrack.com/e040df2e586b3f102436156366ef85739f433036/2K6/10/?v=1&gee_postback=TESTLINK
https://geenapptrack.com/5720b96a2464b8f7e8ca72be7cf830e69cb09348/2K6/H/?v=1&gee_postback=TESTLINK
https://geenapptrack.com/79fdee0fb5530004ff2b76ee0500b7c17e707080/2K6/E/?v=1&gee_postback=TESTLINK
https://geenapptrack.com/a461eda801184667cfcbba90f27d1b68ab6e96a9/2K6/E/?v=1&gee_postback=TESTLINK
https://geenapptrack.com/703d42e677be703dc2a50ac6a5707baeb0e897e9/2K6/B/?v=1&gee_postback=TESTLINK
https://geenapptrack.com/62b4ceba69c9cf16978f5d37754002c7326a27e6/2K6/A/?v=1&gee_postback=TESTLINK
https://geenapptrack.com/591ddc612b64f6f8be0bde8cccdc51efd9070bf1/2K6/z/?v=1&gee_postback=TESTLINK
https://geenapptrack.com/f7b9a644b85b7a7adc2322e197a3cbe392b95abc/2K6/u/?v=1&gee_postback=TESTLINK
https://geenapptrack.com/a458759bf08b42ef6ffebbc0bb34ab2b19026f63/2K6/u/?v=1&gee_postback=TESTLINK